<?xml version="1.0" encoding="UTF-8"?>
<testng-results total="3" passed="3" failed="0" skipped="0">
  <reporter-output>
  </reporter-output>
  <suite started-at="2023-06-28T13:28:03Z" name="Lambdatest Suite" finished-at="2023-06-28T13:28:31Z" duration-ms="27911">
    <groups>
    </groups>
    <test started-at="2023-06-28T13:28:03Z" name="Test3" finished-at="2023-06-28T13:28:13Z" duration-ms="9361">
      <class name="com.lambdatest.Tests.ParallelTest">
        <test-method is-config="true" signature="setUp(java.lang.String, java.lang.String, java.lang.String)[pri:0, instance:com.lambdatest.Tests.ParallelTest@a514af7]" started-at="2023-06-28T13:28:03Z" name="setUp" finished-at="2023-06-28T13:28:11Z" duration-ms="7167" status="PASS">
          <params>
            <param index="0">
              <value>
                <![CDATA[Safari]]>
              </value>
            </param>
            <param index="1">
              <value>
                <![CDATA[13.0]]>
              </value>
            </param>
            <param index="2">
              <value>
                <![CDATA[macOS Catalina]]>
              </value>
            </param>
          </params>
          <reporter-output>
          </reporter-output>
        </test-method> <!-- setUp -->
        <test-method signature="test()[pri:0, instance:com.lambdatest.Tests.ParallelTest@a514af7]" started-at="2023-06-28T13:28:11Z" name="test" finished-at="2023-06-28T13:28:13Z" duration-ms="2109" status="PASS">
          <reporter-output>
          </reporter-output>
        </test-method> <!-- test -->
        <test-method is-config="true" signature="tearDown()[pri:0, instance:com.lambdatest.Tests.ParallelTest@a514af7]" started-at="2023-06-28T13:28:13Z" name="tearDown" finished-at="2023-06-28T13:28:13Z" duration-ms="77" status="PASS">
          <reporter-output>
          </reporter-output>
        </test-method> <!-- tearDown -->
      </class> <!-- com.lambdatest.Tests.ParallelTest -->
    </test> <!-- Test3 -->
    <test started-at="2023-06-28T13:28:03Z" name="Test2" finished-at="2023-06-28T13:28:28Z" duration-ms="24446">
      <class name="com.lambdatest.Tests.ParallelTest">
        <test-method is-config="true" signature="setUp(java.lang.String, java.lang.String, java.lang.String)[pri:0, instance:com.lambdatest.Tests.ParallelTest@6356695f]" started-at="2023-06-28T13:28:03Z" name="setUp" finished-at="2023-06-28T13:28:25Z" duration-ms="21662" status="PASS">
          <params>
            <param index="0">
              <value>
                <![CDATA[Firefox]]>
              </value>
            </param>
            <param index="1">
              <value>
                <![CDATA[73.0]]>
              </value>
            </param>
            <param index="2">
              <value>
                <![CDATA[Windows 10]]>
              </value>
            </param>
          </params>
          <reporter-output>
          </reporter-output>
        </test-method> <!-- setUp -->
        <test-method signature="test()[pri:0, instance:com.lambdatest.Tests.ParallelTest@6356695f]" started-at="2023-06-28T13:28:25Z" name="test" finished-at="2023-06-28T13:28:27Z" duration-ms="2113" status="PASS">
          <reporter-output>
          </reporter-output>
        </test-method> <!-- test -->
        <test-method is-config="true" signature="tearDown()[pri:0, instance:com.lambdatest.Tests.ParallelTest@6356695f]" started-at="2023-06-28T13:28:27Z" name="tearDown" finished-at="2023-06-28T13:28:28Z" duration-ms="667" status="PASS">
          <reporter-output>
          </reporter-output>
        </test-method> <!-- tearDown -->
      </class> <!-- com.lambdatest.Tests.ParallelTest -->
    </test> <!-- Test2 -->
    <test started-at="2023-06-28T13:28:03Z" name="Test1" finished-at="2023-06-28T13:28:31Z" duration-ms="27911">
      <class name="com.lambdatest.Tests.ParallelTest">
        <test-method is-config="true" signature="setUp(java.lang.String, java.lang.String, java.lang.String)[pri:0, instance:com.lambdatest.Tests.ParallelTest@498d318c]" started-at="2023-06-28T13:28:03Z" name="setUp" finished-at="2023-06-28T13:28:29Z" duration-ms="25189" status="PASS">
          <params>
            <param index="0">
              <value>
                <![CDATA[Chrome]]>
              </value>
            </param>
            <param index="1">
              <value>
                <![CDATA[85.0]]>
              </value>
            </param>
            <param index="2">
              <value>
                <![CDATA[macOS Catalina]]>
              </value>
            </param>
          </params>
          <reporter-output>
          </reporter-output>
        </test-method> <!-- setUp -->
        <test-method signature="test()[pri:0, instance:com.lambdatest.Tests.ParallelTest@498d318c]" started-at="2023-06-28T13:28:29Z" name="test" finished-at="2023-06-28T13:28:31Z" duration-ms="2570" status="PASS">
          <reporter-output>
          </reporter-output>
        </test-method> <!-- test -->
        <test-method is-config="true" signature="tearDown()[pri:0, instance:com.lambdatest.Tests.ParallelTest@498d318c]" started-at="2023-06-28T13:28:31Z" name="tearDown" finished-at="2023-06-28T13:28:31Z" duration-ms="149" status="PASS">
          <reporter-output>
          </reporter-output>
        </test-method> <!-- tearDown -->
      </class> <!-- com.lambdatest.Tests.ParallelTest -->
    </test> <!-- Test1 -->
  </suite> <!-- Lambdatest Suite -->
</testng-results>
